<?xml version="1.0" encoding="UTF-8"?>
<!-- Generated by org.testng.reporters.JUnitXMLReporter -->
<testsuite hostname="DESKTOP-OAVT275" ignored="1" name="GroupTest" tests="1" failures="1" timestamp="2020-06-13T23:51:08 EDT" time="15.81" errors="0">
  <testcase name="day1" time="15.728" classname="com.grup.GroupTest">
    <failure type="org.openqa.selenium.SessionNotCreatedException" message="session not created
from chrome not reachable
  (Session info: chrome=83.0.4103.97)
Build info: version: &amp;apos;3.141.59&amp;apos;, revision: &amp;apos;e82be7d358&amp;apos;, time: &amp;apos;2018-11-14T08:17:03&amp;apos;
System info: host: &amp;apos;DESKTOP-OAVT275&amp;apos;, ip: &amp;apos;192.168.1.8&amp;apos;, os.name: &amp;apos;Windows 10&amp;apos;, os.arch: &amp;apos;amd64&amp;apos;, os.version: &amp;apos;10.0&amp;apos;, java.version: &amp;apos;1.8.0_231&amp;apos;
Driver info: driver.version: ChromeDriver
remote stacktrace: Backtrace:
	Ordinal0 [0x00AC9563+2725219]
	Ordinal0 [0x009C8551+1672529]
	Ordinal0 [0x008B0202+524802]
	Ordinal0 [0x008A99B2+498098]
	Ordinal0 [0x008AA09B+499867]
	Ordinal0 [0x008AAFF5+503797]
	Ordinal0 [0x008A6994+485780]
	Ordinal0 [0x008B0FF0+528368]
	Ordinal0 [0x0085D6C9+186057]
	Ordinal0 [0x0085CA3D+182845]
	Ordinal0 [0x0085A94B+174411]
	Ordinal0 [0x00842528+75048]
	Ordinal0 [0x008435A0+79264]
	Ordinal0 [0x00843539+79161]
	Ordinal0 [0x009DD607+1758727]
	GetHandleVerifier [0x00BE6546+1050150]
	GetHandleVerifier [0x00BE6291+1049457]
	GetHandleVerifier [0x00BF10D7+1094071]
	GetHandleVerifier [0x00BE6B46+1051686]
	Ordinal0 [0x009D5B06+1727238]
	Ordinal0 [0x009DEB7B+1764219]
	Ordinal0 [0x009DECE3+1764579]
	Ordinal0 [0x009F4C05+1854469]
	BaseThreadInitThunk [0x77506359+25]
	RtlGetAppContainerNamedObjectPath [0x77C17C24+228]
	RtlGetAppContainerNamedObjectPath [0x77C17BF4+180]
">
      <![CDATA[org.openqa.selenium.SessionNotCreatedException: session not created
from chrome not reachable
  (Session info: chrome=83.0.4103.97)
Build info: version: '3.141.59', revision: 'e82be7d358', time: '2018-11-14T08:17:03'
System info: host: 'DESKTOP-OAVT275', ip: '192.168.1.8', os.name: 'Windows 10', os.arch: 'amd64', os.version: '10.0', java.version: '1.8.0_231'
Driver info: driver.version: ChromeDriver
remote stacktrace: Backtrace:
Ordinal0 [0x00AC9563+2725219]
Ordinal0 [0x009C8551+1672529]
Ordinal0 [0x008B0202+524802]
Ordinal0 [0x008A99B2+498098]
Ordinal0 [0x008AA09B+499867]
Ordinal0 [0x008AAFF5+503797]
Ordinal0 [0x008A6994+485780]
Ordinal0 [0x008B0FF0+528368]
Ordinal0 [0x0085D6C9+186057]
Ordinal0 [0x0085CA3D+182845]
Ordinal0 [0x0085A94B+174411]
Ordinal0 [0x00842528+75048]
Ordinal0 [0x008435A0+79264]
Ordinal0 [0x00843539+79161]
Ordinal0 [0x009DD607+1758727]
GetHandleVerifier [0x00BE6546+1050150]
GetHandleVerifier [0x00BE6291+1049457]
GetHandleVerifier [0x00BF10D7+1094071]
GetHandleVerifier [0x00BE6B46+1051686]
Ordinal0 [0x009D5B06+1727238]
Ordinal0 [0x009DEB7B+1764219]
Ordinal0 [0x009DECE3+1764579]
Ordinal0 [0x009F4C05+1854469]
BaseThreadInitThunk [0x77506359+25]
RtlGetAppContainerNamedObjectPath [0x77C17C24+228]
RtlGetAppContainerNamedObjectPath [0x77C17BF4+180]

at org.openqa.selenium.remote.W3CHandshakeResponse.lambda$errorHandler$0(W3CHandshakeResponse.java:62)
at org.openqa.selenium.remote.HandshakeResponse.lambda$getResponseFunction$0(HandshakeResponse.java:30)
at org.openqa.selenium.remote.ProtocolHandshake.lambda$createSession$0(ProtocolHandshake.java:126)
at java.util.stream.ReferencePipeline$3$1.accept(Unknown Source)
at java.util.Spliterators$ArraySpliterator.tryAdvance(Unknown Source)
at java.util.stream.ReferencePipeline.forEachWithCancel(Unknown Source)
at java.util.stream.AbstractPipeline.copyIntoWithCancel(Unknown Source)
at java.util.stream.AbstractPipeline.copyInto(Unknown Source)
at java.util.stream.AbstractPipeline.wrapAndCopyInto(Unknown Source)
at java.util.stream.FindOps$FindOp.evaluateSequential(Unknown Source)
at java.util.stream.AbstractPipeline.evaluate(Unknown Source)
at java.util.stream.ReferencePipeline.findFirst(Unknown Source)
at org.openqa.selenium.remote.ProtocolHandshake.createSession(ProtocolHandshake.java:128)
at org.openqa.selenium.remote.ProtocolHandshake.createSession(ProtocolHandshake.java:74)
at org.openqa.selenium.remote.HttpCommandExecutor.execute(HttpCommandExecutor.java:136)
at org.openqa.selenium.remote.service.DriverCommandExecutor.execute(DriverCommandExecutor.java:83)
at org.openqa.selenium.remote.RemoteWebDriver.execute(RemoteWebDriver.java:552)
at org.openqa.selenium.remote.RemoteWebDriver.startSession(RemoteWebDriver.java:213)
at org.openqa.selenium.remote.RemoteWebDriver.<init>(RemoteWebDriver.java:131)
at org.openqa.selenium.chrome.ChromeDriver.<init>(ChromeDriver.java:181)
at org.openqa.selenium.chrome.ChromeDriver.<init>(ChromeDriver.java:168)
at org.openqa.selenium.chrome.ChromeDriver.<init>(ChromeDriver.java:123)
at com.grup.GroupTest.day1(GroupTest.java:14)
at java.util.ArrayList.forEach(Unknown Source)
at java.util.concurrent.FutureTask.run(Unknown Source)
at java.util.concurrent.ThreadPoolExecutor.runWorker(Unknown Source)
at java.util.concurrent.ThreadPoolExecutor$Worker.run(Unknown Source)
at java.lang.Thread.run(Unknown Source)
... Removed 22 stack frames]]>
    </failure>
  </testcase> <!-- day1 -->
  <testcase name="day2" time="0.0" classname="com.grup.GroupTest">
    <ignored/>
  </testcase> <!-- day2 -->
</testsuite> <!-- GroupTest -->
