<?xml version="1.0" encoding="UTF-8"?>
<!-- Generated by org.testng.reporters.JUnitReportReporter -->
<testsuite skipped="0" hostname="DESKTOP-OAVT275" name="com.grup.GroupTest" tests="2" failures="0" timestamp="2020-06-13T23:51:08 EDT" time="27.851" errors="1">
  <testcase name="day2" time="12.123" classname="com.grup.GroupTest"/>
  <system-out/>
  <testcase name="day1" time="15.728" classname="com.grup.GroupTest">
    <error type="org.openqa.selenium.SessionNotCreatedException" message="session not created
from chrome not reachable
  (Session info: chrome=83.0.4103.97)
Build info: version: &#039;3.141.59&#039;, revision: &#039;e82be7d358&#039;, time: &#039;2018-11-14T08:17:03&#039;
System info: host: &#039;DESKTOP-OAVT275&#039;, ip: &#039;192.168.1.8&#039;, os.name: &#039;Windows 10&#039;, os.arch: &#039;amd64&#039;, os.version: &#039;10.0&#039;, java.version: &#039;1.8.0_231&#039;
Driver info: driver.version: ChromeDriver
remote stacktrace: Backtrace:
	Ordinal0 [0x00AC9563+2725219]
	Ordinal0 [0x009C8551+1672529]
	Ordinal0 [0x008B0202+524802]
	Ordinal0 [0x008A99B2+498098]
	Ordinal0 [0x008AA09B+499867]
	Ordinal0 [0x008AAFF5+503797]
	Ordinal0 [0x008A6994+485780]
	Ordinal0 [0x008B0FF0+528368]
	Ordinal0 [0x0085D6C9+186057]
	Ordinal0 [0x0085CA3D+182845]
	Ordinal0 [0x0085A94B+174411]
	Ordinal0 [0x00842528+75048]
	Ordinal0 [0x008435A0+79264]
	Ordinal0 [0x00843539+79161]
	Ordinal0 [0x009DD607+1758727]
	GetHandleVerifier [0x00BE6546+1050150]
	GetHandleVerifier [0x00BE6291+1049457]
	GetHandleVerifier [0x00BF10D7+1094071]
	GetHandleVerifier [0x00BE6B46+1051686]
	Ordinal0 [0x009D5B06+1727238]
	Ordinal0 [0x009DEB7B+1764219]
	Ordinal0 [0x009DECE3+1764579]
	Ordinal0 [0x009F4C05+1854469]
	BaseThreadInitThunk [0x77506359+25]
	RtlGetAppContainerNamedObjectPath [0x77C17C24+228]
	RtlGetAppContainerNamedObjectPath [0x77C17BF4+180]
">
      <![CDATA[org.openqa.selenium.SessionNotCreatedException: session not created
from chrome not reachable
  (Session info: chrome=83.0.4103.97)
Build info: version: '3.141.59', revision: 'e82be7d358', time: '2018-11-14T08:17:03'
System info: host: 'DESKTOP-OAVT275', ip: '192.168.1.8', os.name: 'Windows 10', os.arch: 'amd64', os.version: '10.0', java.version: '1.8.0_231'
Driver info: driver.version: ChromeDriver
remote stacktrace: Backtrace:
Ordinal0 [0x00AC9563+2725219]
Ordinal0 [0x009C8551+1672529]
Ordinal0 [0x008B0202+524802]
Ordinal0 [0x008A99B2+498098]
Ordinal0 [0x008AA09B+499867]
Ordinal0 [0x008AAFF5+503797]
Ordinal0 [0x008A6994+485780]
Ordinal0 [0x008B0FF0+528368]
Ordinal0 [0x0085D6C9+186057]
Ordinal0 [0x0085CA3D+182845]
Ordinal0 [0x0085A94B+174411]
Ordinal0 [0x00842528+75048]
Ordinal0 [0x008435A0+79264]
Ordinal0 [0x00843539+79161]
Ordinal0 [0x009DD607+1758727]
GetHandleVerifier [0x00BE6546+1050150]
GetHandleVerifier [0x00BE6291+1049457]
GetHandleVerifier [0x00BF10D7+1094071]
GetHandleVerifier [0x00BE6B46+1051686]
Ordinal0 [0x009D5B06+1727238]
Ordinal0 [0x009DEB7B+1764219]
Ordinal0 [0x009DECE3+1764579]
Ordinal0 [0x009F4C05+1854469]
BaseThreadInitThunk [0x77506359+25]
RtlGetAppContainerNamedObjectPath [0x77C17C24+228]
RtlGetAppContainerNamedObjectPath [0x77C17BF4+180]

at sun.reflect.NativeConstructorAccessorImpl.newInstance0(Native Method)
at sun.reflect.NativeConstructorAccessorImpl.newInstance(Unknown Source)
at sun.reflect.DelegatingConstructorAccessorImpl.newInstance(Unknown Source)
at java.lang.reflect.Constructor.newInstance(Unknown Source)
at org.openqa.selenium.remote.W3CHandshakeResponse.lambda$errorHandler$0(W3CHandshakeResponse.java:62)
at org.openqa.selenium.remote.HandshakeResponse.lambda$getResponseFunction$0(HandshakeResponse.java:30)
at org.openqa.selenium.remote.ProtocolHandshake.lambda$createSession$0(ProtocolHandshake.java:126)
at java.util.stream.ReferencePipeline$3$1.accept(Unknown Source)
at java.util.Spliterators$ArraySpliterator.tryAdvance(Unknown Source)
at java.util.stream.ReferencePipeline.forEachWithCancel(Unknown Source)
at java.util.stream.AbstractPipeline.copyIntoWithCancel(Unknown Source)
at java.util.stream.AbstractPipeline.copyInto(Unknown Source)
at java.util.stream.AbstractPipeline.wrapAndCopyInto(Unknown Source)
at java.util.stream.FindOps$FindOp.evaluateSequential(Unknown Source)
at java.util.stream.AbstractPipeline.evaluate(Unknown Source)
at java.util.stream.ReferencePipeline.findFirst(Unknown Source)
at org.openqa.selenium.remote.ProtocolHandshake.createSession(ProtocolHandshake.java:128)
at org.openqa.selenium.remote.ProtocolHandshake.createSession(ProtocolHandshake.java:74)
at org.openqa.selenium.remote.HttpCommandExecutor.execute(HttpCommandExecutor.java:136)
at org.openqa.selenium.remote.service.DriverCommandExecutor.execute(DriverCommandExecutor.java:83)
at org.openqa.selenium.remote.RemoteWebDriver.execute(RemoteWebDriver.java:552)
at org.openqa.selenium.remote.RemoteWebDriver.startSession(RemoteWebDriver.java:213)
at org.openqa.selenium.remote.RemoteWebDriver.<init>(RemoteWebDriver.java:131)
at org.openqa.selenium.chrome.ChromeDriver.<init>(ChromeDriver.java:181)
at org.openqa.selenium.chrome.ChromeDriver.<init>(ChromeDriver.java:168)
at org.openqa.selenium.chrome.ChromeDriver.<init>(ChromeDriver.java:123)
at com.grup.GroupTest.day1(GroupTest.java:14)
at sun.reflect.NativeMethodAccessorImpl.invoke0(Native Method)
at sun.reflect.NativeMethodAccessorImpl.invoke(Unknown Source)
at sun.reflect.DelegatingMethodAccessorImpl.invoke(Unknown Source)
at java.lang.reflect.Method.invoke(Unknown Source)
at org.testng.internal.MethodInvocationHelper.invokeMethod(MethodInvocationHelper.java:135)
at org.testng.internal.TestInvoker.invokeMethod(TestInvoker.java:598)
at org.testng.internal.TestInvoker.invokeTestMethod(TestInvoker.java:174)
at org.testng.internal.MethodRunner.runInSequence(MethodRunner.java:46)
at org.testng.internal.TestInvoker$MethodInvocationAgent.invoke(TestInvoker.java:821)
at org.testng.internal.TestInvoker.invokeTestMethods(TestInvoker.java:147)
at org.testng.internal.TestMethodWorker.invokeTestMethods(TestMethodWorker.java:146)
at org.testng.internal.TestMethodWorker.run(TestMethodWorker.java:128)
at java.util.ArrayList.forEach(Unknown Source)
at org.testng.TestRunner.privateRun(TestRunner.java:767)
at org.testng.TestRunner.run(TestRunner.java:588)
at org.testng.SuiteRunner.runTest(SuiteRunner.java:384)
at org.testng.SuiteRunner.access$000(SuiteRunner.java:28)
at org.testng.SuiteRunner$SuiteWorker.run(SuiteRunner.java:425)
at org.testng.internal.thread.ThreadUtil.lambda$execute$0(ThreadUtil.java:68)
at java.util.concurrent.FutureTask.run(Unknown Source)
at java.util.concurrent.ThreadPoolExecutor.runWorker(Unknown Source)
at java.util.concurrent.ThreadPoolExecutor$Worker.run(Unknown Source)
at java.lang.Thread.run(Unknown Source)
]]>
    </error>
  </testcase> <!-- day1 -->
  <system-out/>
</testsuite> <!-- com.grup.GroupTest -->
